<?xml version="1.0" encoding="UTF-8"?>
<!-- Generated by org.testng.reporters.JUnitReportReporter -->
<testsuite hostname="LAPTOP-PFIONNJC" failures="0" tests="2" name="Academy.validateTitle" time="0.278" errors="0" timestamp="2022-03-17T19:59:17 GMT" skipped="0">
  <testcase classname="Academy.validateTitle" name="navbarValidation" time="0.170"/>
  <system-out/>
  <testcase classname="Academy.validateTitle" name="titlevalidation" time="0.108"/>
  <system-out/>
</testsuite> <!-- Academy.validateTitle -->
