<?xml version="1.0" encoding="UTF-8"?>
<!-- Generated by org.testng.reporters.JUnitReportReporter -->
<testsuite hostname="LAPTOP-PFIONNJC" failures="0" tests="1" name="Academy.HomePage" time="2.033" errors="0" timestamp="2022-03-17T19:59:17 GMT" skipped="0">
  <testcase classname="Academy.HomePage" name="basePageNavigation" time="2.033"/>
  <system-out/>
</testsuite> <!-- Academy.HomePage -->
