<?xml version="1.0" encoding="UTF-8"?>
<!-- Generated by org.testng.reporters.JUnitReportReporter -->
<testsuite hostname="LAPTOP-PFIONNJC" failures="0" tests="4" name="intellisense.QA.IntellisenseTest" time="9.052" errors="0" timestamp="2022-03-20T00:37:56 GMT" skipped="0">
  <testcase classname="intellisense.QA.IntellisenseTest" name="fourthtest" time="0.084"/>
  <system-out/>
  <testcase classname="intellisense.QA.IntellisenseTest" name="secondtest" time="0.006"/>
  <system-out/>
  <testcase classname="intellisense.QA.IntellisenseTest" name="thirdtest" time="0.131"/>
  <system-out/>
  <testcase classname="intellisense.QA.IntellisenseTest" name="firsttest" time="8.831"/>
  <system-out/>
</testsuite> <!-- intellisense.QA.IntellisenseTest -->
